<?xml version="1.0" encoding="UTF-8"?>
<!-- Generated by org.testng.reporters.JUnitReportReporter -->
<testsuite hostname="IN3024793W2" failures="0" tests="1" name="runner.Runner" time="42.010" errors="0" timestamp="2023-01-09T20:12:37 IST" skipped="0">
  <testcase classname="runner.Runner" name="runScenario" time="42.010"/>
  <system-out/>
</testsuite> <!-- runner.Runner -->
